<?xml version="1.0" encoding="UTF-8"?>
<!-- Generated by org.testng.reporters.JUnitReportReporter -->
<testsuite hostname="Sandip" failures="0" tests="1" name="BuildFrameWork.AutoBots.TextvalidationTest" time="3.612" errors="0" timestamp="2024-05-23T15:56:34 IST" skipped="0">
  <testcase classname="BuildFrameWork.AutoBots.TextvalidationTest" name="Titlevalidationtest" time="3.612"/>
  <system-out/>
</testsuite> <!-- BuildFrameWork.AutoBots.TextvalidationTest -->
