<?xml version="1.0" encoding="UTF-8"?>
<!-- Generated by org.testng.reporters.JUnitReportReporter -->
<testsuite hostname="Sandip" failures="0" tests="1" name="Resources.AutoBots.BaseClass" time="2.439" errors="0" timestamp="2024-05-03T13:03:30 IST" skipped="0">
  <testcase classname="Resources.AutoBots.BaseClass" name="getLogin" time="2.439"/>
</testsuite> <!-- Resources.AutoBots.BaseClass -->
