<?xml version="1.0" encoding="UTF-8"?>
<!-- Generated by org.testng.reporters.JUnitReportReporter -->
<testsuite hostname="Sandip" failures="0" tests="5" name="BuildFrameWork.AutoBots.CheckoutpageValidationTest" time="61.147" errors="0" timestamp="2024-05-23T15:56:34 IST" skipped="0">
  <testcase classname="BuildFrameWork.AutoBots.CheckoutpageValidationTest" name="urlvalidationstest" time="4.579"/>
  <system-out/>
  <testcase classname="BuildFrameWork.AutoBots.CheckoutpageValidationTest" name="promocodetestvalidation" time="14.101"/>
  <system-out/>
  <testcase classname="BuildFrameWork.AutoBots.CheckoutpageValidationTest" name="placeordertestvalidation" time="16.330"/>
  <system-out/>
  <testcase classname="BuildFrameWork.AutoBots.CheckoutpageValidationTest" name="closebuttontestvalidation" time="16.554"/>
  <system-out/>
  <testcase classname="BuildFrameWork.AutoBots.CheckoutpageValidationTest" name="applytestvalidation" time="9.583"/>
  <system-out/>
</testsuite> <!-- BuildFrameWork.AutoBots.CheckoutpageValidationTest -->
