<?xml version="1.0" encoding="UTF-8"?>
<!-- Generated by org.testng.reporters.JUnitReportReporter -->
<testsuite hostname="Sandip" failures="0" tests="3" name="BuildFrameWork.AutoBots.myorderstestvalidation" time="39.742" errors="0" timestamp="2024-05-23T15:56:34 IST" skipped="0">
  <testcase classname="BuildFrameWork.AutoBots.myorderstestvalidation" name="urlvalidationstest" time="4.729"/>
  <system-out/>
  <testcase classname="BuildFrameWork.AutoBots.myorderstestvalidation" name="myordersvalidation" time="16.535"/>
  <system-out/>
  <testcase classname="BuildFrameWork.AutoBots.myorderstestvalidation" name="gotogreenkartvalidationTest" time="18.478"/>
  <system-out/>
</testsuite> <!-- BuildFrameWork.AutoBots.myorderstestvalidation -->
