<?xml version="1.0" encoding="UTF-8"?>
<!-- Generated by org.testng.reporters.JUnitReportReporter -->
<testsuite hostname="Sandip" failures="0" tests="5" name="BuildFrameWork.AutoBots.ItemspageValidationTest" time="30.184" errors="0" timestamp="2024-05-23T15:56:34 IST" skipped="0">
  <testcase classname="BuildFrameWork.AutoBots.ItemspageValidationTest" name="additemsvalidationtest" time="7.139"/>
  <system-out/>
  <testcase classname="BuildFrameWork.AutoBots.ItemspageValidationTest" name="urlvalidationstest" time="3.136"/>
  <system-out/>
  <testcase classname="BuildFrameWork.AutoBots.ItemspageValidationTest" name="proceedbuttonvalidationtest" time="10.819"/>
  <system-out/>
  <testcase classname="BuildFrameWork.AutoBots.ItemspageValidationTest" name="searchvalidationtest" time="5.878"/>
  <system-out/>
  <testcase classname="BuildFrameWork.AutoBots.ItemspageValidationTest" name="greenkartpagevalidationtest" time="3.212"/>
  <system-out/>
</testsuite> <!-- BuildFrameWork.AutoBots.ItemspageValidationTest -->
