<?xml version="1.0" encoding="UTF-8"?>
<!-- Generated by org.testng.reporters.JUnitReportReporter -->
<testsuite hostname="Sandip" failures="0" tests="2" name="BuildFrameWork.AutoBots.LoginValidationsTest" time="8.295" errors="0" timestamp="2024-05-23T15:56:34 IST" skipped="0">
  <testcase classname="BuildFrameWork.AutoBots.LoginValidationsTest" name="login" time="4.059"/>
  <system-out/>
  <testcase classname="BuildFrameWork.AutoBots.LoginValidationsTest" name="gotoUrlvalidationTest" time="4.236"/>
  <system-out/>
</testsuite> <!-- BuildFrameWork.AutoBots.LoginValidationsTest -->
